{"__type":"$$EventMessageWorkflow","id":"818802d5-14d3-42dd-a725-bf246639d30c","ts":"2025-12-04T16:11:16.392+02:00","eventName":"n8n.workflow.started","message":"n8n.workflow.started","payload":{"executionId":"1","workflowId":"awciK4PAi8cnzPxb","isManual":false,"workflowName":"SOS_AI_HeartMonitor"}}
{"__type":"$$EventMessageConfirm","confirm":"818802d5-14d3-42dd-a725-bf246639d30c","ts":"2025-12-04T16:11:16.393+02:00","source":{"id":"0","name":"eventBus"}}
{"__type":"$$EventMessageNode","id":"79f93c8f-5d9c-4b41-a619-88b72ae90350","ts":"2025-12-04T16:11:16.395+02:00","eventName":"n8n.node.started","message":"n8n.node.started","payload":{"workflowId":"awciK4PAi8cnzPxb","workflowName":"SOS_AI_HeartMonitor","executionId":"1","nodeType":"n8n-nodes-base.webhook","nodeName":"Webhook","nodeId":"1d875e57-22bc-451e-9e58-4a92ca97df27"}}
{"__type":"$$EventMessageConfirm","confirm":"79f93c8f-5d9c-4b41-a619-88b72ae90350","ts":"2025-12-04T16:11:16.395+02:00","source":{"id":"0","name":"eventBus"}}
{"__type":"$$EventMessageNode","id":"395d8355-effc-45ae-9867-8d19ee252823","ts":"2025-12-04T16:11:16.398+02:00","eventName":"n8n.node.finished","message":"n8n.node.finished","payload":{"workflowId":"awciK4PAi8cnzPxb","workflowName":"SOS_AI_HeartMonitor","executionId":"1","nodeType":"n8n-nodes-base.webhook","nodeName":"Webhook","nodeId":"1d875e57-22bc-451e-9e58-4a92ca97df27"}}
{"__type":"$$EventMessageConfirm","confirm":"395d8355-effc-45ae-9867-8d19ee252823","ts":"2025-12-04T16:11:16.398+02:00","source":{"id":"0","name":"eventBus"}}
{"__type":"$$EventMessageWorkflow","id":"30f0fe1f-9b50-4713-b4bf-ea1b146e113d","ts":"2025-12-04T16:11:16.410+02:00","eventName":"n8n.workflow.success","message":"n8n.workflow.success","payload":{"executionId":"1","success":true,"isManual":true,"workflowId":"awciK4PAi8cnzPxb","workflowName":"SOS_AI_HeartMonitor"}}
{"__type":"$$EventMessageConfirm","confirm":"30f0fe1f-9b50-4713-b4bf-ea1b146e113d","ts":"2025-12-04T16:11:16.410+02:00","source":{"id":"0","name":"eventBus"}}
{"__type":"$$EventMessageWorkflow","id":"87bdc59c-cb96-4f6d-9387-dc8e75ca5ef2","ts":"2025-12-04T16:11:49.477+02:00","eventName":"n8n.workflow.started","message":"n8n.workflow.started","payload":{"executionId":"2","workflowId":"awciK4PAi8cnzPxb","isManual":false,"workflowName":"SOS_AI_HeartMonitor"}}
{"__type":"$$EventMessageConfirm","confirm":"87bdc59c-cb96-4f6d-9387-dc8e75ca5ef2","ts":"2025-12-04T16:11:49.477+02:00","source":{"id":"0","name":"eventBus"}}
{"__type":"$$EventMessageNode","id":"a9bf1fb5-ebff-4850-a3eb-203c971c95b6","ts":"2025-12-04T16:11:49.478+02:00","eventName":"n8n.node.started","message":"n8n.node.started","payload":{"workflowId":"awciK4PAi8cnzPxb","workflowName":"SOS_AI_HeartMonitor","executionId":"2","nodeType":"n8n-nodes-base.webhook","nodeName":"Webhook","nodeId":"1d875e57-22bc-451e-9e58-4a92ca97df27"}}
{"__type":"$$EventMessageConfirm","confirm":"a9bf1fb5-ebff-4850-a3eb-203c971c95b6","ts":"2025-12-04T16:11:49.479+02:00","source":{"id":"0","name":"eventBus"}}
{"__type":"$$EventMessageNode","id":"26922673-6896-4ee1-9ceb-5786b6177cee","ts":"2025-12-04T16:11:49.479+02:00","eventName":"n8n.node.finished","message":"n8n.node.finished","payload":{"workflowId":"awciK4PAi8cnzPxb","workflowName":"SOS_AI_HeartMonitor","executionId":"2","nodeType":"n8n-nodes-base.webhook","nodeName":"Webhook","nodeId":"1d875e57-22bc-451e-9e58-4a92ca97df27"}}
{"__type":"$$EventMessageConfirm","confirm":"26922673-6896-4ee1-9ceb-5786b6177cee","ts":"2025-12-04T16:11:49.479+02:00","source":{"id":"0","name":"eventBus"}}
{"__type":"$$EventMessageWorkflow","id":"7f4177ab-05ea-4a73-ab44-9ffb7cee1cef","ts":"2025-12-04T16:11:49.481+02:00","eventName":"n8n.workflow.success","message":"n8n.workflow.success","payload":{"executionId":"2","success":true,"isManual":true,"workflowId":"awciK4PAi8cnzPxb","workflowName":"SOS_AI_HeartMonitor"}}
{"__type":"$$EventMessageConfirm","confirm":"7f4177ab-05ea-4a73-ab44-9ffb7cee1cef","ts":"2025-12-04T16:11:49.482+02:00","source":{"id":"0","name":"eventBus"}}
{"__type":"$$EventMessageWorkflow","id":"a121c45a-13f7-4e5e-8d6e-8e44fa5b4bc7","ts":"2025-12-04T16:14:08.130+02:00","eventName":"n8n.workflow.started","message":"n8n.workflow.started","payload":{"executionId":"3","workflowId":"awciK4PAi8cnzPxb","isManual":false,"workflowName":"SOS_AI_HeartMonitor"}}
{"__type":"$$EventMessageConfirm","confirm":"a121c45a-13f7-4e5e-8d6e-8e44fa5b4bc7","ts":"2025-12-04T16:14:08.131+02:00","source":{"id":"0","name":"eventBus"}}
{"__type":"$$EventMessageNode","id":"b9e59ea6-6248-4868-84a9-fe1f1cb489a4","ts":"2025-12-04T16:14:08.132+02:00","eventName":"n8n.node.started","message":"n8n.node.started","payload":{"workflowId":"awciK4PAi8cnzPxb","workflowName":"SOS_AI_HeartMonitor","executionId":"3","nodeType":"n8n-nodes-base.webhook","nodeName":"Webhook","nodeId":"1d875e57-22bc-451e-9e58-4a92ca97df27"}}
{"__type":"$$EventMessageConfirm","confirm":"b9e59ea6-6248-4868-84a9-fe1f1cb489a4","ts":"2025-12-04T16:14:08.132+02:00","source":{"id":"0","name":"eventBus"}}
{"__type":"$$EventMessageNode","id":"2d20fb7a-ffe6-4337-a951-1a970508c07a","ts":"2025-12-04T16:14:08.133+02:00","eventName":"n8n.node.finished","message":"n8n.node.finished","payload":{"workflowId":"awciK4PAi8cnzPxb","workflowName":"SOS_AI_HeartMonitor","executionId":"3","nodeType":"n8n-nodes-base.webhook","nodeName":"Webhook","nodeId":"1d875e57-22bc-451e-9e58-4a92ca97df27"}}
{"__type":"$$EventMessageConfirm","confirm":"2d20fb7a-ffe6-4337-a951-1a970508c07a","ts":"2025-12-04T16:14:08.133+02:00","source":{"id":"0","name":"eventBus"}}
{"__type":"$$EventMessageWorkflow","id":"bcd14864-d089-4279-bca0-59687a6e08d5","ts":"2025-12-04T16:14:08.135+02:00","eventName":"n8n.workflow.success","message":"n8n.workflow.success","payload":{"executionId":"3","success":true,"isManual":true,"workflowId":"awciK4PAi8cnzPxb","workflowName":"SOS_AI_HeartMonitor"}}
{"__type":"$$EventMessageConfirm","confirm":"bcd14864-d089-4279-bca0-59687a6e08d5","ts":"2025-12-04T16:14:08.135+02:00","source":{"id":"0","name":"eventBus"}}
{"__type":"$$EventMessageWorkflow","id":"db5c5a9b-9cc2-4574-88c8-2cfdabe8d60d","ts":"2025-12-04T16:43:17.946+02:00","eventName":"n8n.workflow.started","message":"n8n.workflow.started","payload":{"executionId":"4","workflowId":"awciK4PAi8cnzPxb","isManual":false,"workflowName":"SOS_AI_HeartMonitor"}}
{"__type":"$$EventMessageConfirm","confirm":"db5c5a9b-9cc2-4574-88c8-2cfdabe8d60d","ts":"2025-12-04T16:43:17.946+02:00","source":{"id":"0","name":"eventBus"}}
{"__type":"$$EventMessageNode","id":"76d8d7bb-132a-4340-a5d7-cf3468668058","ts":"2025-12-04T16:43:17.948+02:00","eventName":"n8n.node.started","message":"n8n.node.started","payload":{"workflowId":"awciK4PAi8cnzPxb","workflowName":"SOS_AI_HeartMonitor","executionId":"4","nodeType":"n8n-nodes-base.webhook","nodeName":"Webhook","nodeId":"1d875e57-22bc-451e-9e58-4a92ca97df27"}}
{"__type":"$$EventMessageConfirm","confirm":"76d8d7bb-132a-4340-a5d7-cf3468668058","ts":"2025-12-04T16:43:17.948+02:00","source":{"id":"0","name":"eventBus"}}
{"__type":"$$EventMessageNode","id":"a839b732-a361-43f4-a0a3-1473b787cc8e","ts":"2025-12-04T16:43:17.948+02:00","eventName":"n8n.node.finished","message":"n8n.node.finished","payload":{"workflowId":"awciK4PAi8cnzPxb","workflowName":"SOS_AI_HeartMonitor","executionId":"4","nodeType":"n8n-nodes-base.webhook","nodeName":"Webhook","nodeId":"1d875e57-22bc-451e-9e58-4a92ca97df27"}}
{"__type":"$$EventMessageConfirm","confirm":"a839b732-a361-43f4-a0a3-1473b787cc8e","ts":"2025-12-04T16:43:17.949+02:00","source":{"id":"0","name":"eventBus"}}
{"__type":"$$EventMessageWorkflow","id":"173c8067-e98b-4d3a-a93e-654510aea663","ts":"2025-12-04T16:43:17.952+02:00","eventName":"n8n.workflow.success","message":"n8n.workflow.success","payload":{"executionId":"4","success":true,"isManual":true,"workflowId":"awciK4PAi8cnzPxb","workflowName":"SOS_AI_HeartMonitor"}}
{"__type":"$$EventMessageConfirm","confirm":"173c8067-e98b-4d3a-a93e-654510aea663","ts":"2025-12-04T16:43:17.952+02:00","source":{"id":"0","name":"eventBus"}}
{"__type":"$$EventMessageWorkflow","id":"c8f85723-3424-480c-a191-64fe4f99831f","ts":"2025-12-04T17:04:52.494+02:00","eventName":"n8n.workflow.started","message":"n8n.workflow.started","payload":{"executionId":"5","workflowId":"awciK4PAi8cnzPxb","isManual":false,"workflowName":"SOS_AI_HeartMonitor"}}
{"__type":"$$EventMessageConfirm","confirm":"c8f85723-3424-480c-a191-64fe4f99831f","ts":"2025-12-04T17:04:52.495+02:00","source":{"id":"0","name":"eventBus"}}
{"__type":"$$EventMessageNode","id":"3994000b-5d27-4966-82e7-959faafd0003","ts":"2025-12-04T17:04:52.496+02:00","eventName":"n8n.node.started","message":"n8n.node.started","payload":{"workflowId":"awciK4PAi8cnzPxb","workflowName":"SOS_AI_HeartMonitor","executionId":"5","nodeType":"n8n-nodes-base.webhook","nodeName":"Webhook","nodeId":"1d875e57-22bc-451e-9e58-4a92ca97df27"}}
{"__type":"$$EventMessageConfirm","confirm":"3994000b-5d27-4966-82e7-959faafd0003","ts":"2025-12-04T17:04:52.496+02:00","source":{"id":"0","name":"eventBus"}}
{"__type":"$$EventMessageNode","id":"d066c99d-eda2-4595-b935-19167d336e52","ts":"2025-12-04T17:04:52.497+02:00","eventName":"n8n.node.finished","message":"n8n.node.finished","payload":{"workflowId":"awciK4PAi8cnzPxb","workflowName":"SOS_AI_HeartMonitor","executionId":"5","nodeType":"n8n-nodes-base.webhook","nodeName":"Webhook","nodeId":"1d875e57-22bc-451e-9e58-4a92ca97df27"}}
{"__type":"$$EventMessageConfirm","confirm":"d066c99d-eda2-4595-b935-19167d336e52","ts":"2025-12-04T17:04:52.498+02:00","source":{"id":"0","name":"eventBus"}}
{"__type":"$$EventMessageWorkflow","id":"a424c2cd-f2de-4c19-ac65-c4801e049b11","ts":"2025-12-04T17:04:52.505+02:00","eventName":"n8n.workflow.success","message":"n8n.workflow.success","payload":{"executionId":"5","success":true,"isManual":true,"workflowId":"awciK4PAi8cnzPxb","workflowName":"SOS_AI_HeartMonitor"}}
{"__type":"$$EventMessageConfirm","confirm":"a424c2cd-f2de-4c19-ac65-c4801e049b11","ts":"2025-12-04T17:04:52.505+02:00","source":{"id":"0","name":"eventBus"}}
{"__type":"$$EventMessageWorkflow","id":"4487e677-f42d-48ac-8164-1ef4569c5df7","ts":"2025-12-04T17:11:30.074+02:00","eventName":"n8n.workflow.started","message":"n8n.workflow.started","payload":{"executionId":"6","workflowId":"awciK4PAi8cnzPxb","isManual":false,"workflowName":"SOS_AI_HeartMonitor"}}
{"__type":"$$EventMessageConfirm","confirm":"4487e677-f42d-48ac-8164-1ef4569c5df7","ts":"2025-12-04T17:11:30.075+02:00","source":{"id":"0","name":"eventBus"}}
{"__type":"$$EventMessageNode","id":"9c1a3645-eea9-40e4-b129-e6559f60c852","ts":"2025-12-04T17:11:30.075+02:00","eventName":"n8n.node.started","message":"n8n.node.started","payload":{"workflowId":"awciK4PAi8cnzPxb","workflowName":"SOS_AI_HeartMonitor","executionId":"6","nodeType":"n8n-nodes-base.webhook","nodeName":"Webhook","nodeId":"1d875e57-22bc-451e-9e58-4a92ca97df27"}}
{"__type":"$$EventMessageConfirm","confirm":"9c1a3645-eea9-40e4-b129-e6559f60c852","ts":"2025-12-04T17:11:30.075+02:00","source":{"id":"0","name":"eventBus"}}
{"__type":"$$EventMessageNode","id":"da8836d6-8f87-4320-b12c-1626e869dd86","ts":"2025-12-04T17:11:30.076+02:00","eventName":"n8n.node.finished","message":"n8n.node.finished","payload":{"workflowId":"awciK4PAi8cnzPxb","workflowName":"SOS_AI_HeartMonitor","executionId":"6","nodeType":"n8n-nodes-base.webhook","nodeName":"Webhook","nodeId":"1d875e57-22bc-451e-9e58-4a92ca97df27"}}
{"__type":"$$EventMessageConfirm","confirm":"da8836d6-8f87-4320-b12c-1626e869dd86","ts":"2025-12-04T17:11:30.076+02:00","source":{"id":"0","name":"eventBus"}}
{"__type":"$$EventMessageWorkflow","id":"7475f98e-98f6-4470-9ce9-b50b13ea271c","ts":"2025-12-04T17:11:30.077+02:00","eventName":"n8n.workflow.success","message":"n8n.workflow.success","payload":{"executionId":"6","success":true,"isManual":true,"workflowId":"awciK4PAi8cnzPxb","workflowName":"SOS_AI_HeartMonitor"}}
{"__type":"$$EventMessageConfirm","confirm":"7475f98e-98f6-4470-9ce9-b50b13ea271c","ts":"2025-12-04T17:11:30.078+02:00","source":{"id":"0","name":"eventBus"}}
{"__type":"$$EventMessageWorkflow","id":"085af04e-dd83-4131-970c-b60a6c1591cb","ts":"2025-12-04T17:12:11.418+02:00","eventName":"n8n.workflow.started","message":"n8n.workflow.started","payload":{"executionId":"7","workflowId":"awciK4PAi8cnzPxb","isManual":false,"workflowName":"SOS_AI_HeartMonitor"}}
{"__type":"$$EventMessageConfirm","confirm":"085af04e-dd83-4131-970c-b60a6c1591cb","ts":"2025-12-04T17:12:11.418+02:00","source":{"id":"0","name":"eventBus"}}
{"__type":"$$EventMessageNode","id":"c79e8448-81bc-42a4-9822-06b668e12bc4","ts":"2025-12-04T17:12:11.419+02:00","eventName":"n8n.node.started","message":"n8n.node.started","payload":{"workflowId":"awciK4PAi8cnzPxb","workflowName":"SOS_AI_HeartMonitor","executionId":"7","nodeType":"n8n-nodes-base.webhook","nodeName":"Webhook","nodeId":"1d875e57-22bc-451e-9e58-4a92ca97df27"}}
{"__type":"$$EventMessageConfirm","confirm":"c79e8448-81bc-42a4-9822-06b668e12bc4","ts":"2025-12-04T17:12:11.419+02:00","source":{"id":"0","name":"eventBus"}}
{"__type":"$$EventMessageNode","id":"9cf740a5-4d55-4946-8dd8-9d3e24214f17","ts":"2025-12-04T17:12:11.419+02:00","eventName":"n8n.node.finished","message":"n8n.node.finished","payload":{"workflowId":"awciK4PAi8cnzPxb","workflowName":"SOS_AI_HeartMonitor","executionId":"7","nodeType":"n8n-nodes-base.webhook","nodeName":"Webhook","nodeId":"1d875e57-22bc-451e-9e58-4a92ca97df27"}}
{"__type":"$$EventMessageConfirm","confirm":"9cf740a5-4d55-4946-8dd8-9d3e24214f17","ts":"2025-12-04T17:12:11.419+02:00","source":{"id":"0","name":"eventBus"}}
{"__type":"$$EventMessageWorkflow","id":"83f85c32-3fc7-410d-b242-bce70182ba9d","ts":"2025-12-04T17:12:11.421+02:00","eventName":"n8n.workflow.success","message":"n8n.workflow.success","payload":{"executionId":"7","success":true,"isManual":true,"workflowId":"awciK4PAi8cnzPxb","workflowName":"SOS_AI_HeartMonitor"}}
{"__type":"$$EventMessageConfirm","confirm":"83f85c32-3fc7-410d-b242-bce70182ba9d","ts":"2025-12-04T17:12:11.421+02:00","source":{"id":"0","name":"eventBus"}}
{"__type":"$$EventMessageWorkflow","id":"2b107dc4-aa27-4e62-9d41-785df062ccc7","ts":"2025-12-04T17:12:15.666+02:00","eventName":"n8n.workflow.started","message":"n8n.workflow.started","payload":{"executionId":"8","workflowId":"awciK4PAi8cnzPxb","isManual":false,"workflowName":"SOS_AI_HeartMonitor"}}
{"__type":"$$EventMessageConfirm","confirm":"2b107dc4-aa27-4e62-9d41-785df062ccc7","ts":"2025-12-04T17:12:15.666+02:00","source":{"id":"0","name":"eventBus"}}
{"__type":"$$EventMessageNode","id":"c6f90617-4286-4308-9814-cf8d0e21d4a1","ts":"2025-12-04T17:12:15.667+02:00","eventName":"n8n.node.started","message":"n8n.node.started","payload":{"workflowId":"awciK4PAi8cnzPxb","workflowName":"SOS_AI_HeartMonitor","executionId":"8","nodeType":"n8n-nodes-base.webhook","nodeName":"Webhook","nodeId":"1d875e57-22bc-451e-9e58-4a92ca97df27"}}
{"__type":"$$EventMessageConfirm","confirm":"c6f90617-4286-4308-9814-cf8d0e21d4a1","ts":"2025-12-04T17:12:15.667+02:00","source":{"id":"0","name":"eventBus"}}
{"__type":"$$EventMessageNode","id":"d0cbceac-65bd-43fa-b8b5-9a562be4d088","ts":"2025-12-04T17:12:15.667+02:00","eventName":"n8n.node.finished","message":"n8n.node.finished","payload":{"workflowId":"awciK4PAi8cnzPxb","workflowName":"SOS_AI_HeartMonitor","executionId":"8","nodeType":"n8n-nodes-base.webhook","nodeName":"Webhook","nodeId":"1d875e57-22bc-451e-9e58-4a92ca97df27"}}
{"__type":"$$EventMessageConfirm","confirm":"d0cbceac-65bd-43fa-b8b5-9a562be4d088","ts":"2025-12-04T17:12:15.667+02:00","source":{"id":"0","name":"eventBus"}}
{"__type":"$$EventMessageWorkflow","id":"52ee74a2-7159-4ef7-aa0b-4bff09e626dc","ts":"2025-12-04T17:12:15.668+02:00","eventName":"n8n.workflow.success","message":"n8n.workflow.success","payload":{"executionId":"8","success":true,"isManual":true,"workflowId":"awciK4PAi8cnzPxb","workflowName":"SOS_AI_HeartMonitor"}}
{"__type":"$$EventMessageConfirm","confirm":"52ee74a2-7159-4ef7-aa0b-4bff09e626dc","ts":"2025-12-04T17:12:15.668+02:00","source":{"id":"0","name":"eventBus"}}
{"__type":"$$EventMessageWorkflow","id":"3b4bdacf-9ef9-4e19-ade6-696d4f8ae77e","ts":"2025-12-04T17:14:52.284+02:00","eventName":"n8n.workflow.started","message":"n8n.workflow.started","payload":{"executionId":"9","workflowId":"awciK4PAi8cnzPxb","isManual":false,"workflowName":"SOS_AI_HeartMonitor"}}
{"__type":"$$EventMessageConfirm","confirm":"3b4bdacf-9ef9-4e19-ade6-696d4f8ae77e","ts":"2025-12-04T17:14:52.284+02:00","source":{"id":"0","name":"eventBus"}}
{"__type":"$$EventMessageNode","id":"133b1ff5-2d55-4264-ace1-0ec444a91f78","ts":"2025-12-04T17:14:52.285+02:00","eventName":"n8n.node.started","message":"n8n.node.started","payload":{"workflowId":"awciK4PAi8cnzPxb","workflowName":"SOS_AI_HeartMonitor","executionId":"9","nodeType":"n8n-nodes-base.webhook","nodeName":"Webhook","nodeId":"1d875e57-22bc-451e-9e58-4a92ca97df27"}}
{"__type":"$$EventMessageConfirm","confirm":"133b1ff5-2d55-4264-ace1-0ec444a91f78","ts":"2025-12-04T17:14:52.285+02:00","source":{"id":"0","name":"eventBus"}}
{"__type":"$$EventMessageNode","id":"fe1aa017-77ae-4000-9a78-c5248c790d38","ts":"2025-12-04T17:14:52.286+02:00","eventName":"n8n.node.finished","message":"n8n.node.finished","payload":{"workflowId":"awciK4PAi8cnzPxb","workflowName":"SOS_AI_HeartMonitor","executionId":"9","nodeType":"n8n-nodes-base.webhook","nodeName":"Webhook","nodeId":"1d875e57-22bc-451e-9e58-4a92ca97df27"}}
{"__type":"$$EventMessageConfirm","confirm":"fe1aa017-77ae-4000-9a78-c5248c790d38","ts":"2025-12-04T17:14:52.286+02:00","source":{"id":"0","name":"eventBus"}}
{"__type":"$$EventMessageWorkflow","id":"192cebbd-b3f0-41b8-8d37-c28bf84d9ffb","ts":"2025-12-04T17:14:52.289+02:00","eventName":"n8n.workflow.success","message":"n8n.workflow.success","payload":{"executionId":"9","success":true,"isManual":true,"workflowId":"awciK4PAi8cnzPxb","workflowName":"SOS_AI_HeartMonitor"}}
{"__type":"$$EventMessageConfirm","confirm":"192cebbd-b3f0-41b8-8d37-c28bf84d9ffb","ts":"2025-12-04T17:14:52.290+02:00","source":{"id":"0","name":"eventBus"}}
{"__type":"$$EventMessageWorkflow","id":"ae936dee-b3f4-42aa-bac3-36059bd8881a","ts":"2025-12-04T17:15:27.763+02:00","eventName":"n8n.workflow.started","message":"n8n.workflow.started","payload":{"executionId":"10","workflowId":"awciK4PAi8cnzPxb","isManual":false,"workflowName":"SOS_AI_HeartMonitor"}}
{"__type":"$$EventMessageConfirm","confirm":"ae936dee-b3f4-42aa-bac3-36059bd8881a","ts":"2025-12-04T17:15:27.763+02:00","source":{"id":"0","name":"eventBus"}}
{"__type":"$$EventMessageNode","id":"735e8bfe-c200-480e-8d07-c8f16977affb","ts":"2025-12-04T17:15:27.763+02:00","eventName":"n8n.node.started","message":"n8n.node.started","payload":{"workflowId":"awciK4PAi8cnzPxb","workflowName":"SOS_AI_HeartMonitor","executionId":"10","nodeType":"n8n-nodes-base.webhook","nodeName":"Webhook","nodeId":"1d875e57-22bc-451e-9e58-4a92ca97df27"}}
{"__type":"$$EventMessageConfirm","confirm":"735e8bfe-c200-480e-8d07-c8f16977affb","ts":"2025-12-04T17:15:27.763+02:00","source":{"id":"0","name":"eventBus"}}
{"__type":"$$EventMessageNode","id":"22183f05-d2d2-4fea-b44b-c75812770823","ts":"2025-12-04T17:15:27.764+02:00","eventName":"n8n.node.finished","message":"n8n.node.finished","payload":{"workflowId":"awciK4PAi8cnzPxb","workflowName":"SOS_AI_HeartMonitor","executionId":"10","nodeType":"n8n-nodes-base.webhook","nodeName":"Webhook","nodeId":"1d875e57-22bc-451e-9e58-4a92ca97df27"}}
{"__type":"$$EventMessageConfirm","confirm":"22183f05-d2d2-4fea-b44b-c75812770823","ts":"2025-12-04T17:15:27.764+02:00","source":{"id":"0","name":"eventBus"}}
{"__type":"$$EventMessageWorkflow","id":"33be0f5b-7737-4c84-a0eb-281dc12043e7","ts":"2025-12-04T17:15:27.765+02:00","eventName":"n8n.workflow.success","message":"n8n.workflow.success","payload":{"executionId":"10","success":true,"isManual":true,"workflowId":"awciK4PAi8cnzPxb","workflowName":"SOS_AI_HeartMonitor"}}
{"__type":"$$EventMessageConfirm","confirm":"33be0f5b-7737-4c84-a0eb-281dc12043e7","ts":"2025-12-04T17:15:27.765+02:00","source":{"id":"0","name":"eventBus"}}
{"__type":"$$EventMessageWorkflow","id":"26aed3c5-74b6-4d5d-b51d-1306baef4196","ts":"2025-12-04T17:15:35.800+02:00","eventName":"n8n.workflow.started","message":"n8n.workflow.started","payload":{"executionId":"11","workflowId":"awciK4PAi8cnzPxb","isManual":false,"workflowName":"SOS_AI_HeartMonitor"}}
{"__type":"$$EventMessageConfirm","confirm":"26aed3c5-74b6-4d5d-b51d-1306baef4196","ts":"2025-12-04T17:15:35.800+02:00","source":{"id":"0","name":"eventBus"}}
{"__type":"$$EventMessageNode","id":"3835e065-e33c-4004-890e-2472b2d0c1cf","ts":"2025-12-04T17:15:35.800+02:00","eventName":"n8n.node.started","message":"n8n.node.started","payload":{"workflowId":"awciK4PAi8cnzPxb","workflowName":"SOS_AI_HeartMonitor","executionId":"11","nodeType":"n8n-nodes-base.webhook","nodeName":"Webhook","nodeId":"1d875e57-22bc-451e-9e58-4a92ca97df27"}}
{"__type":"$$EventMessageConfirm","confirm":"3835e065-e33c-4004-890e-2472b2d0c1cf","ts":"2025-12-04T17:15:35.800+02:00","source":{"id":"0","name":"eventBus"}}
{"__type":"$$EventMessageNode","id":"da2c327f-4fbf-4efa-b1c2-8b16b4ba5115","ts":"2025-12-04T17:15:35.801+02:00","eventName":"n8n.node.finished","message":"n8n.node.finished","payload":{"workflowId":"awciK4PAi8cnzPxb","workflowName":"SOS_AI_HeartMonitor","executionId":"11","nodeType":"n8n-nodes-base.webhook","nodeName":"Webhook","nodeId":"1d875e57-22bc-451e-9e58-4a92ca97df27"}}
{"__type":"$$EventMessageConfirm","confirm":"da2c327f-4fbf-4efa-b1c2-8b16b4ba5115","ts":"2025-12-04T17:15:35.801+02:00","source":{"id":"0","name":"eventBus"}}
{"__type":"$$EventMessageWorkflow","id":"69986789-a8e3-4fb9-acc5-b544db9e540a","ts":"2025-12-04T17:15:35.802+02:00","eventName":"n8n.workflow.success","message":"n8n.workflow.success","payload":{"executionId":"11","success":true,"isManual":true,"workflowId":"awciK4PAi8cnzPxb","workflowName":"SOS_AI_HeartMonitor"}}
{"__type":"$$EventMessageConfirm","confirm":"69986789-a8e3-4fb9-acc5-b544db9e540a","ts":"2025-12-04T17:15:35.802+02:00","source":{"id":"0","name":"eventBus"}}
{"__type":"$$EventMessageWorkflow","id":"548378a2-bc7d-4dbe-82f1-f114abafb640","ts":"2025-12-04T17:16:01.520+02:00","eventName":"n8n.workflow.started","message":"n8n.workflow.started","payload":{"executionId":"12","workflowId":"awciK4PAi8cnzPxb","isManual":false,"workflowName":"SOS_AI_HeartMonitor"}}
{"__type":"$$EventMessageConfirm","confirm":"548378a2-bc7d-4dbe-82f1-f114abafb640","ts":"2025-12-04T17:16:01.520+02:00","source":{"id":"0","name":"eventBus"}}
{"__type":"$$EventMessageNode","id":"ca06f80f-90a7-4fa9-be6e-547bee59073b","ts":"2025-12-04T17:16:01.521+02:00","eventName":"n8n.node.started","message":"n8n.node.started","payload":{"workflowId":"awciK4PAi8cnzPxb","workflowName":"SOS_AI_HeartMonitor","executionId":"12","nodeType":"n8n-nodes-base.webhook","nodeName":"Webhook","nodeId":"1d875e57-22bc-451e-9e58-4a92ca97df27"}}
{"__type":"$$EventMessageConfirm","confirm":"ca06f80f-90a7-4fa9-be6e-547bee59073b","ts":"2025-12-04T17:16:01.521+02:00","source":{"id":"0","name":"eventBus"}}
{"__type":"$$EventMessageNode","id":"2d65f249-5ff9-4b2d-a375-5760546d464a","ts":"2025-12-04T17:16:01.521+02:00","eventName":"n8n.node.finished","message":"n8n.node.finished","payload":{"workflowId":"awciK4PAi8cnzPxb","workflowName":"SOS_AI_HeartMonitor","executionId":"12","nodeType":"n8n-nodes-base.webhook","nodeName":"Webhook","nodeId":"1d875e57-22bc-451e-9e58-4a92ca97df27"}}
{"__type":"$$EventMessageConfirm","confirm":"2d65f249-5ff9-4b2d-a375-5760546d464a","ts":"2025-12-04T17:16:01.521+02:00","source":{"id":"0","name":"eventBus"}}
{"__type":"$$EventMessageWorkflow","id":"99ce8ad6-d153-44db-b650-1e6409627cf4","ts":"2025-12-04T17:16:01.523+02:00","eventName":"n8n.workflow.success","message":"n8n.workflow.success","payload":{"executionId":"12","success":true,"isManual":true,"workflowId":"awciK4PAi8cnzPxb","workflowName":"SOS_AI_HeartMonitor"}}
{"__type":"$$EventMessageConfirm","confirm":"99ce8ad6-d153-44db-b650-1e6409627cf4","ts":"2025-12-04T17:16:01.523+02:00","source":{"id":"0","name":"eventBus"}}
{"__type":"$$EventMessageWorkflow","id":"8fd320c5-1012-483b-a612-074b445eb344","ts":"2025-12-04T17:16:49.710+02:00","eventName":"n8n.workflow.started","message":"n8n.workflow.started","payload":{"executionId":"13","workflowId":"awciK4PAi8cnzPxb","isManual":false,"workflowName":"SOS_AI_HeartMonitor"}}
{"__type":"$$EventMessageConfirm","confirm":"8fd320c5-1012-483b-a612-074b445eb344","ts":"2025-12-04T17:16:49.710+02:00","source":{"id":"0","name":"eventBus"}}
{"__type":"$$EventMessageNode","id":"40e7d86d-3f7d-4ba2-bcab-a7701bff92e1","ts":"2025-12-04T17:16:49.711+02:00","eventName":"n8n.node.started","message":"n8n.node.started","payload":{"workflowId":"awciK4PAi8cnzPxb","workflowName":"SOS_AI_HeartMonitor","executionId":"13","nodeType":"n8n-nodes-base.webhook","nodeName":"Webhook","nodeId":"1d875e57-22bc-451e-9e58-4a92ca97df27"}}
{"__type":"$$EventMessageConfirm","confirm":"40e7d86d-3f7d-4ba2-bcab-a7701bff92e1","ts":"2025-12-04T17:16:49.711+02:00","source":{"id":"0","name":"eventBus"}}
{"__type":"$$EventMessageNode","id":"decd1ae9-b10a-4945-90bb-b32837500b8f","ts":"2025-12-04T17:16:49.711+02:00","eventName":"n8n.node.finished","message":"n8n.node.finished","payload":{"workflowId":"awciK4PAi8cnzPxb","workflowName":"SOS_AI_HeartMonitor","executionId":"13","nodeType":"n8n-nodes-base.webhook","nodeName":"Webhook","nodeId":"1d875e57-22bc-451e-9e58-4a92ca97df27"}}
{"__type":"$$EventMessageConfirm","confirm":"decd1ae9-b10a-4945-90bb-b32837500b8f","ts":"2025-12-04T17:16:49.711+02:00","source":{"id":"0","name":"eventBus"}}
{"__type":"$$EventMessageWorkflow","id":"c20a4627-961a-4252-96bf-55ad37ee44cb","ts":"2025-12-04T17:16:49.713+02:00","eventName":"n8n.workflow.success","message":"n8n.workflow.success","payload":{"executionId":"13","success":true,"isManual":true,"workflowId":"awciK4PAi8cnzPxb","workflowName":"SOS_AI_HeartMonitor"}}
{"__type":"$$EventMessageConfirm","confirm":"c20a4627-961a-4252-96bf-55ad37ee44cb","ts":"2025-12-04T17:16:49.713+02:00","source":{"id":"0","name":"eventBus"}}
{"__type":"$$EventMessageWorkflow","id":"26769cd0-2df2-456d-9e59-a0d7ab447931","ts":"2025-12-04T17:17:04.648+02:00","eventName":"n8n.workflow.started","message":"n8n.workflow.started","payload":{"executionId":"14","workflowId":"awciK4PAi8cnzPxb","isManual":false,"workflowName":"SOS_AI_HeartMonitor"}}
{"__type":"$$EventMessageConfirm","confirm":"26769cd0-2df2-456d-9e59-a0d7ab447931","ts":"2025-12-04T17:17:04.648+02:00","source":{"id":"0","name":"eventBus"}}
{"__type":"$$EventMessageNode","id":"6e0d7bf0-0447-4b3c-b77b-9d7dc87ddb8b","ts":"2025-12-04T17:17:04.649+02:00","eventName":"n8n.node.started","message":"n8n.node.started","payload":{"workflowId":"awciK4PAi8cnzPxb","workflowName":"SOS_AI_HeartMonitor","executionId":"14","nodeType":"n8n-nodes-base.webhook","nodeName":"Webhook","nodeId":"1d875e57-22bc-451e-9e58-4a92ca97df27"}}
{"__type":"$$EventMessageConfirm","confirm":"6e0d7bf0-0447-4b3c-b77b-9d7dc87ddb8b","ts":"2025-12-04T17:17:04.649+02:00","source":{"id":"0","name":"eventBus"}}
{"__type":"$$EventMessageNode","id":"820794ae-2377-4127-9047-e52839b7f55d","ts":"2025-12-04T17:17:04.649+02:00","eventName":"n8n.node.finished","message":"n8n.node.finished","payload":{"workflowId":"awciK4PAi8cnzPxb","workflowName":"SOS_AI_HeartMonitor","executionId":"14","nodeType":"n8n-nodes-base.webhook","nodeName":"Webhook","nodeId":"1d875e57-22bc-451e-9e58-4a92ca97df27"}}
{"__type":"$$EventMessageConfirm","confirm":"820794ae-2377-4127-9047-e52839b7f55d","ts":"2025-12-04T17:17:04.649+02:00","source":{"id":"0","name":"eventBus"}}
{"__type":"$$EventMessageWorkflow","id":"724e50b1-aa18-48a6-81f0-9d60a1ace3b8","ts":"2025-12-04T17:17:04.651+02:00","eventName":"n8n.workflow.success","message":"n8n.workflow.success","payload":{"executionId":"14","success":true,"isManual":true,"workflowId":"awciK4PAi8cnzPxb","workflowName":"SOS_AI_HeartMonitor"}}
{"__type":"$$EventMessageConfirm","confirm":"724e50b1-aa18-48a6-81f0-9d60a1ace3b8","ts":"2025-12-04T17:17:04.651+02:00","source":{"id":"0","name":"eventBus"}}
{"__type":"$$EventMessageWorkflow","id":"34f6140f-6d95-4857-8a9f-881e2b0c9929","ts":"2025-12-04T17:21:01.973+02:00","eventName":"n8n.workflow.started","message":"n8n.workflow.started","payload":{"executionId":"15","workflowId":"awciK4PAi8cnzPxb","isManual":false,"workflowName":"SOS_AI_HeartMonitor"}}
{"__type":"$$EventMessageConfirm","confirm":"34f6140f-6d95-4857-8a9f-881e2b0c9929","ts":"2025-12-04T17:21:01.973+02:00","source":{"id":"0","name":"eventBus"}}
{"__type":"$$EventMessageNode","id":"b11b8cdb-5d4f-420e-96ce-92eb8453035d","ts":"2025-12-04T17:21:01.974+02:00","eventName":"n8n.node.started","message":"n8n.node.started","payload":{"workflowId":"awciK4PAi8cnzPxb","workflowName":"SOS_AI_HeartMonitor","executionId":"15","nodeType":"n8n-nodes-base.webhook","nodeName":"Webhook","nodeId":"1d875e57-22bc-451e-9e58-4a92ca97df27"}}
{"__type":"$$EventMessageConfirm","confirm":"b11b8cdb-5d4f-420e-96ce-92eb8453035d","ts":"2025-12-04T17:21:01.974+02:00","source":{"id":"0","name":"eventBus"}}
{"__type":"$$EventMessageNode","id":"e5efbbc0-217c-41f2-8ecb-36fe7f0938d4","ts":"2025-12-04T17:21:01.975+02:00","eventName":"n8n.node.finished","message":"n8n.node.finished","payload":{"workflowId":"awciK4PAi8cnzPxb","workflowName":"SOS_AI_HeartMonitor","executionId":"15","nodeType":"n8n-nodes-base.webhook","nodeName":"Webhook","nodeId":"1d875e57-22bc-451e-9e58-4a92ca97df27"}}
{"__type":"$$EventMessageConfirm","confirm":"e5efbbc0-217c-41f2-8ecb-36fe7f0938d4","ts":"2025-12-04T17:21:01.975+02:00","source":{"id":"0","name":"eventBus"}}
{"__type":"$$EventMessageWorkflow","id":"cfa269a6-38fe-4710-8ae9-8c5bd34c2432","ts":"2025-12-04T17:21:01.977+02:00","eventName":"n8n.workflow.success","message":"n8n.workflow.success","payload":{"executionId":"15","success":true,"isManual":true,"workflowId":"awciK4PAi8cnzPxb","workflowName":"SOS_AI_HeartMonitor"}}
{"__type":"$$EventMessageConfirm","confirm":"cfa269a6-38fe-4710-8ae9-8c5bd34c2432","ts":"2025-12-04T17:21:01.977+02:00","source":{"id":"0","name":"eventBus"}}
{"__type":"$$EventMessageWorkflow","id":"5d53e0bb-598f-4586-bf24-2a5a125e8602","ts":"2025-12-04T17:21:59.977+02:00","eventName":"n8n.workflow.started","message":"n8n.workflow.started","payload":{"executionId":"16","workflowId":"awciK4PAi8cnzPxb","isManual":false,"workflowName":"SOS_AI_HeartMonitor"}}
{"__type":"$$EventMessageConfirm","confirm":"5d53e0bb-598f-4586-bf24-2a5a125e8602","ts":"2025-12-04T17:21:59.977+02:00","source":{"id":"0","name":"eventBus"}}
{"__type":"$$EventMessageNode","id":"cf9e0506-c724-42d6-b068-aa87dc0beae4","ts":"2025-12-04T17:21:59.978+02:00","eventName":"n8n.node.started","message":"n8n.node.started","payload":{"workflowId":"awciK4PAi8cnzPxb","workflowName":"SOS_AI_HeartMonitor","executionId":"16","nodeType":"n8n-nodes-base.webhook","nodeName":"Webhook","nodeId":"1d875e57-22bc-451e-9e58-4a92ca97df27"}}
{"__type":"$$EventMessageConfirm","confirm":"cf9e0506-c724-42d6-b068-aa87dc0beae4","ts":"2025-12-04T17:21:59.978+02:00","source":{"id":"0","name":"eventBus"}}
{"__type":"$$EventMessageNode","id":"9f27557f-9e7e-4ee2-a46a-654914e41a5e","ts":"2025-12-04T17:21:59.978+02:00","eventName":"n8n.node.finished","message":"n8n.node.finished","payload":{"workflowId":"awciK4PAi8cnzPxb","workflowName":"SOS_AI_HeartMonitor","executionId":"16","nodeType":"n8n-nodes-base.webhook","nodeName":"Webhook","nodeId":"1d875e57-22bc-451e-9e58-4a92ca97df27"}}
{"__type":"$$EventMessageConfirm","confirm":"9f27557f-9e7e-4ee2-a46a-654914e41a5e","ts":"2025-12-04T17:21:59.978+02:00","source":{"id":"0","name":"eventBus"}}
{"__type":"$$EventMessageWorkflow","id":"4e7fc52e-badd-4d99-a840-e953ddd05493","ts":"2025-12-04T17:21:59.980+02:00","eventName":"n8n.workflow.success","message":"n8n.workflow.success","payload":{"executionId":"16","success":true,"isManual":true,"workflowId":"awciK4PAi8cnzPxb","workflowName":"SOS_AI_HeartMonitor"}}
{"__type":"$$EventMessageConfirm","confirm":"4e7fc52e-badd-4d99-a840-e953ddd05493","ts":"2025-12-04T17:21:59.980+02:00","source":{"id":"0","name":"eventBus"}}
{"__type":"$$EventMessageWorkflow","id":"c3e5ea4f-81e4-4051-8d0e-591826778fcb","ts":"2025-12-04T17:29:52.712+02:00","eventName":"n8n.workflow.started","message":"n8n.workflow.started","payload":{"executionId":"17","workflowId":"awciK4PAi8cnzPxb","isManual":false,"workflowName":"SOS_AI_HeartMonitor"}}
{"__type":"$$EventMessageConfirm","confirm":"c3e5ea4f-81e4-4051-8d0e-591826778fcb","ts":"2025-12-04T17:29:52.713+02:00","source":{"id":"0","name":"eventBus"}}
{"__type":"$$EventMessageNode","id":"3cf1c7b0-6e1b-4d43-b43a-a5d934481cc6","ts":"2025-12-04T17:29:52.713+02:00","eventName":"n8n.node.started","message":"n8n.node.started","payload":{"workflowId":"awciK4PAi8cnzPxb","workflowName":"SOS_AI_HeartMonitor","executionId":"17","nodeType":"n8n-nodes-base.webhook","nodeName":"Webhook","nodeId":"1d875e57-22bc-451e-9e58-4a92ca97df27"}}
{"__type":"$$EventMessageConfirm","confirm":"3cf1c7b0-6e1b-4d43-b43a-a5d934481cc6","ts":"2025-12-04T17:29:52.713+02:00","source":{"id":"0","name":"eventBus"}}
{"__type":"$$EventMessageNode","id":"fe5380d3-d87e-4c11-86a5-8732b5e65701","ts":"2025-12-04T17:29:52.714+02:00","eventName":"n8n.node.finished","message":"n8n.node.finished","payload":{"workflowId":"awciK4PAi8cnzPxb","workflowName":"SOS_AI_HeartMonitor","executionId":"17","nodeType":"n8n-nodes-base.webhook","nodeName":"Webhook","nodeId":"1d875e57-22bc-451e-9e58-4a92ca97df27"}}
{"__type":"$$EventMessageConfirm","confirm":"fe5380d3-d87e-4c11-86a5-8732b5e65701","ts":"2025-12-04T17:29:52.714+02:00","source":{"id":"0","name":"eventBus"}}
{"__type":"$$EventMessageWorkflow","id":"4b6c0e01-4203-4984-848e-9840564608f8","ts":"2025-12-04T17:29:52.715+02:00","eventName":"n8n.workflow.success","message":"n8n.workflow.success","payload":{"executionId":"17","success":true,"isManual":true,"workflowId":"awciK4PAi8cnzPxb","workflowName":"SOS_AI_HeartMonitor"}}
{"__type":"$$EventMessageConfirm","confirm":"4b6c0e01-4203-4984-848e-9840564608f8","ts":"2025-12-04T17:29:52.715+02:00","source":{"id":"0","name":"eventBus"}}
{"__type":"$$EventMessageAudit","id":"cd2083aa-73ac-42c3-ace4-106b7b5f9750","ts":"2025-12-04T19:38:03.911+02:00","eventName":"n8n.audit.user.credentials.created","message":"n8n.audit.user.credentials.created","payload":{"userId":"07d32594-519d-4b4e-81ac-fac8b7a3f500","_email":"n8ndocker2005@gmail.com","_firstName":"n8n","_lastName":"docker","globalRole":"global:owner","credentialType":"googleOAuth2Api","credentialId":"V1xnIfNZdMSUzmHE","publicApi":false,"projectId":"nSktc3sXVmpGndRQ","projectType":"personal"}}
{"__type":"$$EventMessageConfirm","confirm":"cd2083aa-73ac-42c3-ace4-106b7b5f9750","ts":"2025-12-04T19:38:03.912+02:00","source":{"id":"0","name":"eventBus"}}
{"__type":"$$EventMessageAudit","id":"5517c2d5-ead0-42a5-bd5d-2710d5a1e0c6","ts":"2025-12-04T19:40:28.816+02:00","eventName":"n8n.audit.user.credentials.updated","message":"n8n.audit.user.credentials.updated","payload":{"userId":"07d32594-519d-4b4e-81ac-fac8b7a3f500","_email":"n8ndocker2005@gmail.com","_firstName":"n8n","_lastName":"docker","globalRole":"global:owner","credentialType":"googleOAuth2Api","credentialId":"V1xnIfNZdMSUzmHE"}}
{"__type":"$$EventMessageConfirm","confirm":"5517c2d5-ead0-42a5-bd5d-2710d5a1e0c6","ts":"2025-12-04T19:40:28.816+02:00","source":{"id":"0","name":"eventBus"}}
{"__type":"$$EventMessageAudit","id":"e6ba8824-4c65-49bd-82d1-a61525782a96","ts":"2025-12-04T19:40:37.043+02:00","eventName":"n8n.audit.user.credentials.updated","message":"n8n.audit.user.credentials.updated","payload":{"userId":"07d32594-519d-4b4e-81ac-fac8b7a3f500","_email":"n8ndocker2005@gmail.com","_firstName":"n8n","_lastName":"docker","globalRole":"global:owner","credentialType":"googleOAuth2Api","credentialId":"V1xnIfNZdMSUzmHE"}}
{"__type":"$$EventMessageConfirm","confirm":"e6ba8824-4c65-49bd-82d1-a61525782a96","ts":"2025-12-04T19:40:37.043+02:00","source":{"id":"0","name":"eventBus"}}
{"__type":"$$EventMessageAudit","id":"570ccd2d-80e6-4ce3-8106-c52d74e12141","ts":"2025-12-04T19:49:14.810+02:00","eventName":"n8n.audit.user.credentials.updated","message":"n8n.audit.user.credentials.updated","payload":{"userId":"07d32594-519d-4b4e-81ac-fac8b7a3f500","_email":"n8ndocker2005@gmail.com","_firstName":"n8n","_lastName":"docker","globalRole":"global:owner","credentialType":"googleOAuth2Api","credentialId":"V1xnIfNZdMSUzmHE"}}
{"__type":"$$EventMessageConfirm","confirm":"570ccd2d-80e6-4ce3-8106-c52d74e12141","ts":"2025-12-04T19:49:14.810+02:00","source":{"id":"0","name":"eventBus"}}
{"__type":"$$EventMessageAudit","id":"f36d0b5f-d447-48d0-8d96-41ec12fb1c58","ts":"2025-12-04T20:01:31.035+02:00","eventName":"n8n.audit.user.credentials.updated","message":"n8n.audit.user.credentials.updated","payload":{"userId":"07d32594-519d-4b4e-81ac-fac8b7a3f500","_email":"n8ndocker2005@gmail.com","_firstName":"n8n","_lastName":"docker","globalRole":"global:owner","credentialType":"googleOAuth2Api","credentialId":"V1xnIfNZdMSUzmHE"}}
{"__type":"$$EventMessageConfirm","confirm":"f36d0b5f-d447-48d0-8d96-41ec12fb1c58","ts":"2025-12-04T20:01:31.036+02:00","source":{"id":"0","name":"eventBus"}}
{"__type":"$$EventMessageAudit","id":"4d4b5594-c172-4877-9685-7af3573ae068","ts":"2025-12-04T20:03:07.577+02:00","eventName":"n8n.audit.user.credentials.updated","message":"n8n.audit.user.credentials.updated","payload":{"userId":"07d32594-519d-4b4e-81ac-fac8b7a3f500","_email":"n8ndocker2005@gmail.com","_firstName":"n8n","_lastName":"docker","globalRole":"global:owner","credentialType":"googleOAuth2Api","credentialId":"V1xnIfNZdMSUzmHE"}}
{"__type":"$$EventMessageConfirm","confirm":"4d4b5594-c172-4877-9685-7af3573ae068","ts":"2025-12-04T20:03:07.578+02:00","source":{"id":"0","name":"eventBus"}}
{"__type":"$$EventMessageAudit","id":"a8f52cb8-f4d6-4d90-925d-adffea355aeb","ts":"2025-12-04T20:04:32.490+02:00","eventName":"n8n.audit.user.credentials.updated","message":"n8n.audit.user.credentials.updated","payload":{"userId":"07d32594-519d-4b4e-81ac-fac8b7a3f500","_email":"n8ndocker2005@gmail.com","_firstName":"n8n","_lastName":"docker","globalRole":"global:owner","credentialType":"googleOAuth2Api","credentialId":"V1xnIfNZdMSUzmHE"}}
{"__type":"$$EventMessageConfirm","confirm":"a8f52cb8-f4d6-4d90-925d-adffea355aeb","ts":"2025-12-04T20:04:32.490+02:00","source":{"id":"0","name":"eventBus"}}
{"__type":"$$EventMessageAudit","id":"971a71e5-d577-440f-bb48-4067e4a3b2a1","ts":"2025-12-04T20:05:02.700+02:00","eventName":"n8n.audit.user.credentials.updated","message":"n8n.audit.user.credentials.updated","payload":{"userId":"07d32594-519d-4b4e-81ac-fac8b7a3f500","_email":"n8ndocker2005@gmail.com","_firstName":"n8n","_lastName":"docker","globalRole":"global:owner","credentialType":"googleOAuth2Api","credentialId":"V1xnIfNZdMSUzmHE"}}
{"__type":"$$EventMessageConfirm","confirm":"971a71e5-d577-440f-bb48-4067e4a3b2a1","ts":"2025-12-04T20:05:02.700+02:00","source":{"id":"0","name":"eventBus"}}
{"__type":"$$EventMessageAudit","id":"2f8d9331-537f-41f2-9722-71dcb166d319","ts":"2025-12-04T20:05:08.728+02:00","eventName":"n8n.audit.user.credentials.updated","message":"n8n.audit.user.credentials.updated","payload":{"userId":"07d32594-519d-4b4e-81ac-fac8b7a3f500","_email":"n8ndocker2005@gmail.com","_firstName":"n8n","_lastName":"docker","globalRole":"global:owner","credentialType":"googleOAuth2Api","credentialId":"V1xnIfNZdMSUzmHE"}}
{"__type":"$$EventMessageConfirm","confirm":"2f8d9331-537f-41f2-9722-71dcb166d319","ts":"2025-12-04T20:05:08.728+02:00","source":{"id":"0","name":"eventBus"}}
{"__type":"$$EventMessageAudit","id":"8b235a84-c7c2-492b-acff-9ed8da843eba","ts":"2025-12-04T20:21:18.694+02:00","eventName":"n8n.audit.user.credentials.updated","message":"n8n.audit.user.credentials.updated","payload":{"userId":"07d32594-519d-4b4e-81ac-fac8b7a3f500","_email":"n8ndocker2005@gmail.com","_firstName":"n8n","_lastName":"docker","globalRole":"global:owner","credentialType":"googleOAuth2Api","credentialId":"V1xnIfNZdMSUzmHE"}}
{"__type":"$$EventMessageConfirm","confirm":"8b235a84-c7c2-492b-acff-9ed8da843eba","ts":"2025-12-04T20:21:18.694+02:00","source":{"id":"0","name":"eventBus"}}
